<?xml version="1.0" encoding="UTF-8"?>
<testng-results ignored="0" total="1" passed="1" failed="0" skipped="0">
  <reporter-output>
  </reporter-output>
  <suite started-at="2024-10-08T10:38:32 EDT" name="Default suite" finished-at="2024-10-08T10:38:35 EDT" duration-ms="2891">
    <groups>
    </groups>
    <test started-at="2024-10-08T10:38:32 EDT" name="Default test" finished-at="2024-10-08T10:38:35 EDT" duration-ms="2891">
      <class name="com.httpMethods.GetMethodScenarios">
        <test-method signature="getMethodWithoutBDD()[pri:0, instance:com.httpMethods.GetMethodScenarios@4d910fd6]" started-at="2024-10-08T10:38:32 EDT" name="getMethodWithoutBDD" finished-at="2024-10-08T10:38:35 EDT" duration-ms="2864" status="PASS">
          <reporter-output>
          </reporter-output>
        </test-method> <!-- getMethodWithoutBDD -->
      </class> <!-- com.httpMethods.GetMethodScenarios -->
    </test> <!-- Default test -->
  </suite> <!-- Default suite -->
</testng-results>
